17:17:51:000  INFO 8696 --- [main] com.hmall.UserApplication                : Starting UserApplication using Java 11.0.24 on spontaneity with PID 8696 (E:\BaiduNetdiskDownload\SpringCloud微服务—资料\day02-Docker\资料\hmall\user-service\target\classes started by Ku_roii in E:\BaiduNetdiskDownload\SpringCloud微服务—资料\day02-Docker\资料\hmall)
17:17:51:006 DEBUG 8696 --- [main] com.hmall.UserApplication                : Running with Spring Boot v2.7.12, Spring v5.3.27
17:17:51:007  INFO 8696 --- [main] com.hmall.UserApplication                : The following 1 profile is active: "local"
17:17:52:256  INFO 8696 --- [main] o.s.cloud.context.scope.GenericScope     : BeanFactory id=4c14f02a-3770-3c16-a58b-59509fd3a2ea
17:17:52:648  INFO 8696 --- [main] o.s.b.w.embedded.tomcat.TomcatWebServer  : Tomcat initialized with port(s): 8084 (http)
17:17:52:659  INFO 8696 --- [main] o.apache.catalina.core.StandardService   : Starting service [Tomcat]
17:17:52:659  INFO 8696 --- [main] org.apache.catalina.core.StandardEngine  : Starting Servlet engine: [Apache Tomcat/9.0.75]
17:17:52:846  INFO 8696 --- [main] o.a.c.c.C.[Tomcat].[localhost].[/]       : Initializing Spring embedded WebApplicationContext
17:17:52:846  INFO 8696 --- [main] w.s.c.ServletWebServerApplicationContext : Root WebApplicationContext: initialization completed in 1792 ms
17:17:57:992  INFO 8696 --- [main] pertySourcedRequestMappingHandlerMapping : Mapped URL path [/v2/api-docs] onto method [springfox.documentation.swagger2.web.Swagger2ControllerWebMvc#getDocumentation(String, HttpServletRequest)]
17:18:00:032  INFO 8696 --- [main] com.alibaba.nacos.common.remote.client   : [RpcClientFactory] create a new rpc client of b8f740d0-bf12-4354-87c3-d067345758b2
17:18:00:080  INFO 8696 --- [main] org.reflections.Reflections              : Reflections took 24 ms to scan 1 urls, producing 3 keys and 6 values 
17:18:00:109  INFO 8696 --- [main] org.reflections.Reflections              : Reflections took 9 ms to scan 1 urls, producing 4 keys and 9 values 
17:18:00:122  INFO 8696 --- [main] org.reflections.Reflections              : Reflections took 8 ms to scan 1 urls, producing 3 keys and 10 values 
17:18:00:126  WARN 8696 --- [main] org.reflections.Reflections              : given scan urls are empty. set urls in the configuration
17:18:00:131  INFO 8696 --- [main] org.reflections.Reflections              : Reflections took 4 ms to scan 1 urls, producing 1 keys and 5 values 
17:18:00:140  INFO 8696 --- [main] org.reflections.Reflections              : Reflections took 6 ms to scan 1 urls, producing 1 keys and 7 values 
17:18:00:149  INFO 8696 --- [main] org.reflections.Reflections              : Reflections took 5 ms to scan 1 urls, producing 2 keys and 8 values 
17:18:00:152  WARN 8696 --- [main] org.reflections.Reflections              : given scan urls are empty. set urls in the configuration
17:18:00:153  INFO 8696 --- [main] com.alibaba.nacos.common.remote.client   : [b8f740d0-bf12-4354-87c3-d067345758b2] RpcClient init label, labels = {module=naming, source=sdk}
17:18:00:156  INFO 8696 --- [main] com.alibaba.nacos.common.remote.client   : [b8f740d0-bf12-4354-87c3-d067345758b2] RpcClient init, ServerListFactory = com.alibaba.nacos.client.naming.core.ServerListManager
17:18:00:156  INFO 8696 --- [main] com.alibaba.nacos.common.remote.client   : [b8f740d0-bf12-4354-87c3-d067345758b2] Registry connection listener to current client:com.alibaba.nacos.client.naming.remote.gprc.redo.NamingGrpcRedoService
17:18:00:156  INFO 8696 --- [main] com.alibaba.nacos.common.remote.client   : [b8f740d0-bf12-4354-87c3-d067345758b2] Register server push request handler:com.alibaba.nacos.client.naming.remote.gprc.NamingPushRequestHandler
17:18:00:158  INFO 8696 --- [main] com.alibaba.nacos.common.remote.client   : [b8f740d0-bf12-4354-87c3-d067345758b2] Try to connect to server on start up, server: {serverIp = '192.168.36.111', server main port = 8848}
17:18:04:939  INFO 8696 --- [main] com.alibaba.nacos.common.remote.client   : [b8f740d0-bf12-4354-87c3-d067345758b2] Success to connect to server [192.168.36.111:8848] on start up, connectionId = 1723454287973_192.168.36.1_55255
17:18:04:940  INFO 8696 --- [com.alibaba.nacos.client.remote.worker] com.alibaba.nacos.common.remote.client   : [b8f740d0-bf12-4354-87c3-d067345758b2] Notify connected event to listeners.
17:18:04:941  INFO 8696 --- [main] com.alibaba.nacos.common.remote.client   : [b8f740d0-bf12-4354-87c3-d067345758b2] Register server push request handler:com.alibaba.nacos.common.remote.client.RpcClient$ConnectResetRequestHandler
17:18:04:941  INFO 8696 --- [main] com.alibaba.nacos.common.remote.client   : [b8f740d0-bf12-4354-87c3-d067345758b2] Register server push request handler:com.alibaba.nacos.common.remote.client.RpcClient$$Lambda$971/0x0000000800741840
17:18:04:997  INFO 8696 --- [main] o.s.b.w.embedded.tomcat.TomcatWebServer  : Tomcat started on port(s): 8084 (http) with context path ''
17:18:05:006  INFO 8696 --- [main] c.a.c.n.registry.NacosServiceRegistry    : nacos registry, DEFAULT_GROUP user-service 192.168.0.102:8084 register finished
17:18:05:473  INFO 8696 --- [nacos-grpc-client-executor-9] com.alibaba.nacos.common.remote.client   : [b8f740d0-bf12-4354-87c3-d067345758b2] Receive server push request, request = NotifySubscriberRequest, requestId = 6
17:18:05:476  INFO 8696 --- [nacos-grpc-client-executor-9] com.alibaba.nacos.common.remote.client   : [b8f740d0-bf12-4354-87c3-d067345758b2] Ack server push request, request = NotifySubscriberRequest, requestId = 6
17:18:06:554  INFO 8696 --- [main] d.s.w.p.DocumentationPluginsBootstrapper : Documentation plugins bootstrapped
17:18:06:557  INFO 8696 --- [main] d.s.w.p.DocumentationPluginsBootstrapper : Found 1 custom documentation plugin(s)
17:18:06:577  INFO 8696 --- [main] s.d.s.w.s.ApiListingReferenceScanner     : Scanning for api listing references
17:18:06:658  INFO 8696 --- [main] com.hmall.UserApplication                : Started UserApplication in 18.302 seconds (JVM running for 20.455)
17:20:08:322  WARN 8696 --- [Thread-7] c.a.n.common.http.HttpClientBeanHolder   : [HttpClientBeanHolder] Start destroying common HttpClient
17:20:08:322  WARN 8696 --- [Thread-4] c.a.nacos.common.notify.NotifyCenter     : [NotifyCenter] Start destroying Publisher
17:20:08:323  WARN 8696 --- [Thread-4] c.a.nacos.common.notify.NotifyCenter     : [NotifyCenter] Destruction of the end
17:20:08:324  WARN 8696 --- [Thread-7] c.a.n.common.http.HttpClientBeanHolder   : [HttpClientBeanHolder] Destruction of the end
17:20:10:284  INFO 8696 --- [SpringApplicationShutdownHook] c.a.c.n.registry.NacosServiceRegistry    : De-registering from Nacos Server now...
17:20:10:291  INFO 8696 --- [SpringApplicationShutdownHook] c.a.c.n.registry.NacosServiceRegistry    : De-registration finished.
17:20:10:626  INFO 8696 --- [SpringApplicationShutdownHook] com.alibaba.nacos.common.remote.client   : Shutdown rpc client, set status to shutdown
17:20:10:627  INFO 8696 --- [SpringApplicationShutdownHook] com.alibaba.nacos.common.remote.client   : Shutdown client event executor java.util.concurrent.ScheduledThreadPoolExecutor@6a2a2960[Running, pool size = 2, active threads = 2, queued tasks = 0, completed tasks = 0]
17:20:10:627  INFO 8696 --- [SpringApplicationShutdownHook] com.alibaba.nacos.common.remote.client   : Close current connection 1723454287973_192.168.36.1_55255
17:20:10:629  INFO 8696 --- [nacos-grpc-client-executor-38] c.a.n.c.remote.client.grpc.GrpcClient    : [1723454287973_192.168.36.1_55255]Ignore complete event,isRunning:false,isAbandon=false
17:20:10:635  INFO 8696 --- [SpringApplicationShutdownHook] c.a.n.c.remote.client.grpc.GrpcClient    : Shutdown grpc executor java.util.concurrent.ThreadPoolExecutor@b597cb2[Running, pool size = 5, active threads = 0, queued tasks = 0, completed tasks = 39]
